{
  "RSpec": {
    "coverage": {
      "/home/tamura/project/rails/vue_handsontable/app/models/concerns/pivot.rb": [
        1,
        1,
        null,
        1,
        10,
        54,
        null,
        null,
        null,
        1,
        11,
        null,
        11,
        10,
        10,
        null,
        null,
        null,
        null,
        null
      ],
      "/home/tamura/project/rails/vue_handsontable/app/models/concerns/array_pivot.rb": [
        1,
        1,
        1,
        11,
        11,
        14,
        14,
        null,
        null,
        null,
        null,
        null
      ],
      "/home/tamura/project/rails/vue_handsontable/app/controllers/projects_controller.rb": [
        1,
        1,
        null,
        null,
        null,
        1,
        5,
        null,
        null,
        null,
        null,
        null,
        null,
        null,
        null,
        null,
        null,
        null,
        null,
        5,
        null,
        null,
        null,
        null,
        null,
        null,
        null,
        null,
        null,
        null,
        null,
        null,
        null,
        null,
        null,
        null,
        null,
        null,
        null,
        1,
        4,
        null,
        null,
        null,
        null,
        1,
        2,
        null,
        2,
        1,
        null,
        1,
        null,
        null,
        null,
        null,
        null,
        1,
        1,
        1,
        null,
        0,
        null,
        null,
        null,
        null,
        null,
        1,
        1,
        1,
        null,
        null,
        1,
        null,
        1,
        2,
        null,
        null,
        null,
        1,
        1,
        null,
        null,
        null,
        1,
        2,
        null,
        null,
        null
      ],
      "/home/tamura/project/rails/vue_handsontable/app/controllers/application_controller.rb": [
        1,
        1,
        null,
        1,
        null,
        1,
        null,
        156,
        26,
        null,
        null,
        1,
        338,
        null,
        null,
        1,
        26,
        null,
        null,
        null,
        null,
        null,
        null,
        null,
        null,
        null,
        null,
        null,
        null,
        null,
        null,
        null,
        null,
        null,
        null,
        null,
        null,
        null,
        null,
        null,
        null,
        null,
        null,
        null,
        null,
        null,
        null,
        null,
        null,
        null,
        null,
        null,
        null,
        null,
        null,
        null,
        null,
        null
      ],
      "/home/tamura/project/rails/vue_handsontable/app/helpers/application_helper.rb": [
        1,
        null
      ],
      "/home/tamura/project/rails/vue_handsontable/app/helpers/ags_helper.rb": [
        1,
        null
      ],
      "/home/tamura/project/rails/vue_handsontable/app/helpers/groups/allocs_helper.rb": [
        1,
        null
      ],
      "/home/tamura/project/rails/vue_handsontable/app/helpers/job_title/assins_helper.rb": [
        1,
        null
      ],
      "/home/tamura/project/rails/vue_handsontable/app/models/job_title.rb": [
        null,
        null,
        null,
        null,
        null,
        null,
        null,
        null,
        null,
        null,
        1,
        null
      ],
      "/home/tamura/project/rails/vue_handsontable/app/models/application_record.rb": [
        1,
        1,
        null
      ],
      "/home/tamura/project/rails/vue_handsontable/app/helpers/member/assigns_helper.rb": [
        1,
        null
      ],
      "/home/tamura/project/rails/vue_handsontable/app/models/member.rb": [
        null,
        null,
        null,
        null,
        null,
        null,
        null,
        null,
        null,
        null,
        null,
        null,
        null,
        1,
        1,
        null,
        1,
        1,
        null,
        null,
        1,
        1,
        null,
        1,
        null,
        null,
        null,
        null,
        null,
        null,
        null,
        null,
        null,
        null,
        null,
        null,
        null,
        null,
        null,
        null
      ],
      "/home/tamura/project/rails/vue_handsontable/app/helpers/members/projects_helper.rb": [
        1,
        null
      ],
      "/home/tamura/project/rails/vue_handsontable/app/helpers/project/assigns_helper.rb": [
        1,
        null
      ],
      "/home/tamura/project/rails/vue_handsontable/app/models/project.rb": [
        null,
        null,
        null,
        null,
        null,
        null,
        null,
        null,
        null,
        null,
        null,
        null,
        null,
        null,
        1,
        1,
        null,
        1,
        1,
        1,
        null,
        1,
        1,
        1,
        null,
        1,
        null,
        1,
        null,
        1,
        39,
        2,
        null,
        null,
        null,
        1,
        null,
        null,
        null,
        null,
        null,
        null,
        null,
        null,
        1,
        null,
        null,
        null
      ],
      "/home/tamura/project/rails/vue_handsontable/app/helpers/results_helper.rb": [
        1,
        null
      ],
      "/home/tamura/project/rails/vue_handsontable/app/models/department.rb": [
        null,
        null,
        null,
        null,
        null,
        null,
        null,
        null,
        null,
        null,
        1,
        1,
        null
      ],
      "/home/tamura/project/rails/vue_handsontable/app/models/group.rb": [
        null,
        null,
        null,
        null,
        null,
        null,
        null,
        null,
        null,
        null,
        null,
        1,
        1,
        1,
        1,
        1,
        null,
        1,
        94,
        2,
        null,
        null,
        null,
        null
      ],
      "/home/tamura/project/rails/vue_handsontable/app/models/projects_member.rb": [
        null,
        null,
        null,
        null,
        null,
        null,
        null,
        null,
        null,
        null,
        null,
        1,
        1,
        null,
        1,
        1,
        null,
        1,
        1,
        null,
        1,
        1,
        null,
        1,
        null,
        null,
        null,
        null
      ],
      "/home/tamura/project/rails/vue_handsontable/app/models/projects_members_month.rb": [
        null,
        null,
        null,
        null,
        null,
        null,
        null,
        null,
        null,
        null,
        null,
        null,
        1,
        1,
        null,
        1,
        1,
        1,
        null,
        1,
        1,
        1,
        null,
        1,
        null,
        null
      ],
      "/home/tamura/project/rails/vue_handsontable/app/models/projects_monthly_allocation.rb": [
        null,
        null,
        null,
        null,
        null,
        null,
        null,
        null,
        null,
        null,
        null,
        null,
        1,
        1,
        null,
        1,
        1,
        null,
        1,
        null,
        null,
        null,
        null,
        null,
        null
      ],
      "/home/tamura/project/rails/vue_handsontable/app/models/result.rb": [
        null,
        null,
        null,
        null,
        null,
        null,
        null,
        null,
        null,
        null,
        null,
        null,
        null,
        null,
        null,
        null,
        null,
        null,
        null,
        null,
        null,
        null,
        null,
        null,
        null,
        1,
        1,
        null
      ],
      "/home/tamura/project/rails/vue_handsontable/app/models/v_member.rb": [
        null,
        null,
        null,
        null,
        null,
        null,
        null,
        null,
        null,
        null,
        null,
        null,
        null,
        null,
        null,
        null,
        1,
        null
      ],
      "/home/tamura/project/rails/vue_handsontable/app/models/work.rb": [
        null,
        null,
        null,
        null,
        null,
        null,
        null,
        null,
        null,
        null,
        null,
        null,
        1,
        1,
        null,
        1,
        1,
        null,
        1,
        null,
        null
      ],
      "/home/tamura/project/rails/vue_handsontable/app/controllers/departments_controller.rb": [
        1,
        1,
        null,
        null,
        null,
        1,
        1,
        1,
        null,
        null,
        null,
        null,
        null,
        null,
        null,
        null,
        null,
        null,
        1,
        1,
        1,
        1,
        null,
        0,
        null,
        null,
        null,
        null,
        null,
        1,
        1,
        1,
        null,
        0,
        null,
        null,
        null,
        null,
        null,
        1,
        1,
        1,
        null,
        null,
        1,
        null,
        1,
        2,
        null,
        null,
        null,
        1,
        2,
        null,
        null
      ],
      "/home/tamura/project/rails/vue_handsontable/app/controllers/groups/allocs_controller.rb": [
        1,
        1,
        null,
        1,
        1,
        1,
        null,
        1,
        1,
        null,
        null,
        1,
        null,
        null,
        1,
        null,
        1,
        1,
        null,
        null,
        null
      ],
      "/home/tamura/project/rails/vue_handsontable/app/models/concerns/htbl_params_factory.rb": [
        1,
        null,
        1,
        1,
        null,
        1,
        10,
        null,
        10,
        10,
        null,
        null,
        1,
        10,
        null,
        null,
        1,
        10,
        null,
        null,
        1,
        null,
        1,
        10,
        null,
        null,
        null,
        null,
        10,
        10,
        null,
        null,
        null,
        1,
        10,
        null,
        null,
        null,
        null,
        null,
        null,
        null,
        null,
        null,
        null,
        null,
        null,
        null,
        null,
        1,
        10,
        24,
        null,
        null,
        null,
        1,
        10,
        24,
        14,
        null,
        10,
        null,
        null,
        null,
        null,
        1,
        null,
        120,
        30,
        null,
        null,
        1,
        260,
        null,
        null,
        1,
        10,
        120,
        null,
        null,
        null,
        1,
        130,
        null,
        null,
        1,
        10,
        null,
        null,
        null,
        null,
        120,
        null,
        null,
        null,
        null
      ],
      "/home/tamura/project/rails/vue_handsontable/app/models/alloc.rb": [
        null,
        null,
        null,
        null,
        null,
        null,
        null,
        null,
        null,
        null,
        null,
        null,
        null,
        null,
        null,
        null,
        null,
        null,
        null,
        null,
        null,
        null,
        null,
        null,
        null,
        1,
        1,
        null
      ],
      "/home/tamura/project/rails/vue_handsontable/app/controllers/costs_controller.rb": [
        1,
        1,
        1,
        null,
        null,
        null,
        1,
        1,
        null,
        1,
        1,
        1,
        1,
        null,
        null,
        null,
        null,
        null,
        null,
        1,
        3,
        3,
        null,
        3,
        null,
        3,
        2,
        1,
        1,
        null,
        0,
        null,
        null,
        1,
        1,
        null,
        null,
        null,
        1,
        1,
        1,
        null,
        0,
        null,
        null,
        null,
        null,
        1,
        null,
        1,
        3,
        null,
        null,
        1,
        1,
        null,
        null,
        null,
        1,
        6,
        null,
        null
      ],
      "/home/tamura/project/rails/vue_handsontable/app/models/v_cost.rb": [
        null,
        null,
        null,
        null,
        null,
        null,
        null,
        null,
        null,
        null,
        null,
        null,
        null,
        null,
        null,
        null,
        null,
        null,
        1,
        1,
        null
      ],
      "/home/tamura/project/rails/vue_handsontable/app/controllers/groups/job_titles/assigns_controller.rb": [
        1,
        1,
        1,
        null,
        1,
        1,
        1,
        null,
        null,
        null,
        null,
        1,
        1,
        null,
        null,
        1,
        1,
        null,
        null,
        null,
        null,
        1,
        1,
        null,
        null,
        1,
        1,
        1,
        1,
        null,
        null,
        null,
        null,
        1,
        1,
        1,
        null,
        null,
        1,
        1,
        null,
        null,
        null
      ],
      "/home/tamura/project/rails/vue_handsontable/app/models/v_work.rb": [
        null,
        null,
        null,
        null,
        null,
        null,
        null,
        null,
        null,
        null,
        null,
        null,
        null,
        null,
        null,
        null,
        null,
        null,
        null,
        1,
        1,
        null
      ],
      "/home/tamura/project/rails/vue_handsontable/app/controllers/works_controller.rb": [
        1,
        1,
        1,
        null,
        null,
        1,
        1,
        null,
        1,
        1,
        1,
        1,
        null,
        null,
        null,
        null,
        null,
        1,
        4,
        4,
        null,
        4,
        null,
        4,
        3,
        2,
        2,
        null,
        0,
        null,
        null,
        1,
        1,
        null,
        null,
        null,
        1,
        1,
        1,
        null,
        0,
        null,
        null,
        null,
        null,
        1,
        null,
        1,
        4,
        null,
        null,
        1,
        1,
        null,
        null,
        null,
        1,
        8,
        null,
        null
      ],
      "/home/tamura/project/rails/vue_handsontable/app/controllers/groups_controller.rb": [
        1,
        1,
        null,
        null,
        null,
        1,
        1,
        null,
        null,
        null,
        null,
        null,
        null,
        null,
        null,
        1,
        null,
        null,
        null,
        null,
        null,
        null,
        null,
        null,
        null,
        null,
        null,
        null,
        null,
        null,
        null,
        null,
        1,
        1,
        null,
        1,
        1,
        null,
        0,
        null,
        null,
        null,
        null,
        1,
        1,
        1,
        null,
        0,
        null,
        null,
        null,
        null,
        1,
        1,
        1,
        null,
        null,
        1,
        null,
        1,
        2,
        null,
        null,
        null,
        1,
        2,
        null,
        null
      ],
      "/home/tamura/project/rails/vue_handsontable/app/controllers/job_titles_controller.rb": [
        1,
        1,
        null,
        null,
        null,
        1,
        1,
        1,
        null,
        null,
        null,
        null,
        null,
        null,
        null,
        null,
        null,
        null,
        null,
        1,
        1,
        null,
        1,
        1,
        2,
        1,
        null,
        0,
        0,
        null,
        null,
        null,
        null,
        null,
        null,
        1,
        1,
        1,
        2,
        1,
        null,
        0,
        0,
        null,
        null,
        null,
        null,
        null,
        null,
        1,
        1,
        1,
        2,
        1,
        null,
        null,
        null,
        1,
        null,
        1,
        2,
        null,
        null,
        null,
        1,
        2,
        null,
        null
      ],
      "/home/tamura/project/rails/vue_handsontable/app/controllers/members/allocs_controller.rb": [
        1,
        1,
        null,
        1,
        1,
        null,
        1,
        1,
        1,
        1,
        1,
        null,
        null,
        1,
        1,
        1,
        1,
        null,
        null,
        null,
        1,
        1,
        4,
        null,
        null,
        null
      ],
      "/home/tamura/project/rails/vue_handsontable/app/controllers/concerns/alloc_module.rb": [
        1,
        1,
        null,
        1,
        6,
        6,
        6,
        null,
        6,
        4,
        2,
        2,
        null,
        0,
        null,
        null,
        2,
        2,
        null,
        null,
        null,
        2,
        2,
        2,
        null,
        0,
        null,
        null,
        null,
        null,
        1,
        1,
        6,
        null,
        null,
        1,
        12,
        null,
        null,
        null
      ],
      "/home/tamura/project/rails/vue_handsontable/app/models/assign.rb": [
        null,
        null,
        null,
        null,
        null,
        null,
        null,
        null,
        null,
        null,
        null,
        null,
        null,
        null,
        null,
        null,
        null,
        null,
        null,
        null,
        null,
        null,
        null,
        null,
        1,
        1,
        null
      ],
      "/home/tamura/project/rails/vue_handsontable/app/controllers/members/assigns_controller.rb": [
        1,
        1,
        1,
        null,
        1,
        1,
        null,
        null,
        null,
        null,
        null,
        1,
        null,
        null,
        1,
        1,
        null,
        null,
        1,
        1,
        null,
        0,
        null,
        null,
        null,
        1,
        1,
        1,
        null,
        null,
        1,
        1,
        2,
        null,
        null,
        1,
        1,
        null,
        null,
        1,
        1,
        null,
        null
      ],
      "/home/tamura/project/rails/vue_handsontable/app/controllers/members_controller.rb": [
        1,
        1,
        null,
        null,
        null,
        1,
        1,
        null,
        null,
        null,
        null,
        null,
        null,
        null,
        null,
        null,
        null,
        null,
        null,
        1,
        null,
        null,
        null,
        null,
        null,
        null,
        null,
        null,
        null,
        null,
        null,
        null,
        null,
        null,
        null,
        null,
        null,
        null,
        null,
        null,
        null,
        null,
        null,
        null,
        1,
        1,
        1,
        1,
        null,
        0,
        null,
        null,
        null,
        null,
        null,
        1,
        1,
        1,
        null,
        0,
        null,
        null,
        null,
        null,
        null,
        1,
        1,
        1,
        null,
        null,
        1,
        null,
        1,
        2,
        null,
        null,
        null,
        1,
        2,
        null,
        null,
        null
      ],
      "/home/tamura/project/rails/vue_handsontable/app/controllers/projects/allocs_controller.rb": [
        1,
        1,
        null,
        1,
        1,
        null,
        1,
        1,
        1,
        1,
        1,
        null,
        null,
        1,
        1,
        1,
        1,
        null,
        null,
        null,
        1,
        1,
        4,
        null,
        null,
        null
      ],
      "/home/tamura/project/rails/vue_handsontable/app/controllers/projects/assigns_controller.rb": [
        1,
        1,
        1,
        null,
        1,
        1,
        null,
        1,
        null,
        null,
        1,
        1,
        null,
        null,
        1,
        1,
        null,
        0,
        null,
        null,
        null,
        1,
        1,
        1,
        null,
        null,
        1,
        1,
        2,
        null,
        null,
        1,
        1,
        null,
        null,
        1,
        1,
        null,
        null
      ],
      "/home/tamura/project/rails/vue_handsontable/app/controllers/results_controller.rb": [
        1,
        null,
        1,
        1,
        17,
        null,
        1,
        2,
        2,
        1,
        1,
        null,
        6,
        null,
        null,
        null,
        null,
        null,
        2,
        1,
        1,
        1,
        1,
        null,
        null,
        null,
        null,
        1,
        1,
        1,
        null,
        null,
        1,
        1,
        0,
        null,
        0,
        0,
        0,
        null,
        null,
        0,
        null,
        null,
        1,
        null,
        null,
        null
      ]
    },
    "timestamp": 1477018523
  }
}
